{
  "label": "vscode-wing-cap-run",
  "level": "warn",
  "message": "Activating the 'vscode-wing-cap-run' extension...",
  "time": "2022-03-23T10:18:44.546Z"
}
{
  "label": "vscode-wing-cap-run",
  "level": "warn",
  "message": "The \"vscode-wing-cap-run\" extension is now active.",
  "time": "2022-03-23T10:18:45.347Z"
}
{
  "label": "vscode-wing-cap-run",
  "level": "warn",
  "message": "The extension SAPSE.vscode-wing-cap-guided-development found and is about to be activated",
  "time": "2022-03-23T10:18:45.348Z"
}
{
  "label": "vscode-wing-cap-run",
  "level": "warn",
  "message": "The extension SAPSE.vscode-wing-cap-guided-development has been activated",
  "time": "2022-03-23T10:18:46.902Z"
}
{
  "label": "vscode-wing-cap-run",
  "level": "warn",
  "message": "Language Client of CDS LSP is ready.",
  "time": "2022-03-23T10:18:46.903Z"
}
